SF:lib/core/utils/either.dart
DA:9,5
DA:13,7
DA:15,7
DA:17,2
DA:18,1
DA:19,0
DA:22,2
DA:23,0
DA:24,1
DA:31,4
DA:33,3
DA:35,6
DA:37,0
DA:38,0
DA:44,4
DA:46,3
DA:48,6
DA:50,0
DA:51,0
DA:54,2
DA:56,2
DA:57,2
DA:58,2
DA:59,1
DA:60,2
DA:62,1
DA:63,2
LF:27
LH:21
end_of_record
SF:lib/core/utils/safe_print.dart
DA:3,2
DA:4,2
LF:2
LH:2
end_of_record
SF:lib/core/extensions/list.extension.dart
DA:2,2
DA:3,2
LF:2
LH:2
end_of_record
SF:lib/core/extensions/datetime.extension.dart
DA:4,3
LF:1
LH:1
end_of_record
SF:lib/core/http/http_client.dart
DA:18,1
DA:22,3
DA:23,3
DA:26,1
DA:27,1
DA:33,1
DA:42,1
DA:44,2
DA:47,2
DA:48,1
DA:50,0
DA:51,0
DA:53,1
DA:54,0
DA:57,1
DA:58,1
DA:59,2
DA:60,1
DA:63,2
DA:64,3
DA:65,2
DA:69,0
DA:74,1
DA:75,2
DA:76,1
DA:77,3
DA:78,1
DA:80,1
LF:28
LH:24
end_of_record
SF:lib/app/recipe/bloc/recipe_state.dart
DA:22,4
DA:30,0
DA:31,0
DA:32,0
DA:34,0
DA:35,0
DA:36,0
DA:38,1
DA:45,1
DA:46,0
DA:47,1
DA:48,1
DA:49,1
DA:50,1
DA:54,1
DA:55,1
DA:56,1
DA:57,1
DA:58,1
DA:59,1
DA:60,1
DA:68,0
LF:22
LH:14
end_of_record
SF:lib/app/recipe/bloc/recipe_bloc.dart
DA:14,2
DA:15,2
DA:16,2
DA:19,1
DA:23,3
DA:24,2
DA:26,1
DA:27,2
DA:28,2
DA:31,1
DA:34,1
DA:35,1
DA:36,2
DA:39,2
DA:46,1
DA:50,3
DA:51,3
DA:53,1
DA:54,2
DA:55,2
DA:58,1
DA:61,1
DA:62,1
DA:63,2
DA:68,2
LF:25
LH:25
end_of_record
SF:lib/app/recipe/repository/recipe_repository_impl.dart
DA:12,1
DA:16,1
DA:18,1
DA:19,3
DA:24,1
DA:25,2
DA:26,1
DA:27,1
DA:28,1
DA:29,1
DA:30,0
DA:38,1
DA:42,1
DA:43,3
DA:44,2
DA:48,1
DA:49,2
DA:50,1
DA:51,1
DA:52,1
DA:53,1
DA:54,0
LF:22
LH:20
end_of_record
SF:lib/core/model/ingredient.model.dart
DA:5,0
DA:7,0
DA:8,0
DA:9,0
DA:10,0
LF:5
LH:0
end_of_record
SF:lib/core/model/recipe.model.dart
DA:5,0
DA:7,0
DA:8,0
DA:9,0
DA:10,0
LF:5
LH:0
end_of_record
